2020-10-14 18:44:11,037 CsmarService.py INFO 用户登录成功
2020-10-14 18:44:11,049 CsmarService.py INFO method:preview:body{"columns": ["Stkcd", "Trddt", "Opnprc", "Hiprc", "Loprc", "Clsprc", "Dnshrtrd"], "condition": "", "previewCount": 100, "table": "TRD_Dalyr"}
2020-10-14 19:15:25,910 CsmarService.py INFO method:preview:body{"columns": ["Stkcd", "Trddt", "Opnprc", "Hiprc", "Loprc", "Clsprc", "Dnshrtrd"], "condition": "", "previewCount": 100, "table": "002959.SH"}
2020-10-14 19:15:38,881 CsmarService.py INFO 用户登录成功
2020-10-14 19:15:38,881 CsmarService.py INFO 用户登录成功
2020-10-14 19:15:38,974 CsmarService.py INFO method:preview:body{"columns": ["Stkcd", "Trddt", "Opnprc", "Hiprc", "Loprc", "Clsprc", "Dnshrtrd"], "condition": "", "previewCount": 100, "table": "002959.SH"}
2020-10-14 19:15:38,974 CsmarService.py INFO method:preview:body{"columns": ["Stkcd", "Trddt", "Opnprc", "Hiprc", "Loprc", "Clsprc", "Dnshrtrd"], "condition": "", "previewCount": 100, "table": "002959.SH"}
2020-10-14 19:15:45,100 CsmarService.py ERROR {'code': -1, 'msg': None, 'data': None}
2020-10-14 19:15:45,100 CsmarService.py ERROR {'code': -1, 'msg': None, 'data': None}
2020-10-14 19:16:50,359 CsmarService.py ERROR Validation failed for argument at index 0 in method: public com.gta.csmar.dto.Result<com.gta.csmar.vo.UpmsUserVo> com.gta.csmar.controller.LoginController.login(com.gta.csmar.dto.UserLoginDto), with 1 error(s): [Field error in object 'userLoginDto' on field 'pwd': rejected value []; codes [NotBlank.userLoginDto.pwd,NotBlank.pwd,NotBlank.java.lang.String,NotBlank]; arguments [org.springframework.context.support.DefaultMessageSourceResolvable: codes [userLoginDto.pwd,pwd]; arguments []; default message [pwd]]; default message [密码不能为空]] 
2020-10-14 19:16:50,359 CsmarService.py ERROR Validation failed for argument at index 0 in method: public com.gta.csmar.dto.Result<com.gta.csmar.vo.UpmsUserVo> com.gta.csmar.controller.LoginController.login(com.gta.csmar.dto.UserLoginDto), with 1 error(s): [Field error in object 'userLoginDto' on field 'pwd': rejected value []; codes [NotBlank.userLoginDto.pwd,NotBlank.pwd,NotBlank.java.lang.String,NotBlank]; arguments [org.springframework.context.support.DefaultMessageSourceResolvable: codes [userLoginDto.pwd,pwd]; arguments []; default message [pwd]]; default message [密码不能为空]] 
2020-10-14 19:16:50,359 CsmarService.py ERROR Validation failed for argument at index 0 in method: public com.gta.csmar.dto.Result<com.gta.csmar.vo.UpmsUserVo> com.gta.csmar.controller.LoginController.login(com.gta.csmar.dto.UserLoginDto), with 1 error(s): [Field error in object 'userLoginDto' on field 'pwd': rejected value []; codes [NotBlank.userLoginDto.pwd,NotBlank.pwd,NotBlank.java.lang.String,NotBlank]; arguments [org.springframework.context.support.DefaultMessageSourceResolvable: codes [userLoginDto.pwd,pwd]; arguments []; default message [pwd]]; default message [密码不能为空]] 
2020-10-14 19:16:50,364 CsmarService.py INFO method:preview:body{"columns": ["Stkcd", "Trddt", "Opnprc", "Hiprc", "Loprc", "Clsprc", "Dnshrtrd"], "condition": "", "previewCount": 100, "table": "TRD_Dalyr"}
2020-10-14 19:16:50,364 CsmarService.py INFO method:preview:body{"columns": ["Stkcd", "Trddt", "Opnprc", "Hiprc", "Loprc", "Clsprc", "Dnshrtrd"], "condition": "", "previewCount": 100, "table": "TRD_Dalyr"}
2020-10-14 19:16:50,364 CsmarService.py INFO method:preview:body{"columns": ["Stkcd", "Trddt", "Opnprc", "Hiprc", "Loprc", "Clsprc", "Dnshrtrd"], "condition": "", "previewCount": 100, "table": "TRD_Dalyr"}
2020-10-14 19:17:33,828 CsmarService.py INFO 用户登录成功
2020-10-14 19:17:33,828 CsmarService.py INFO 用户登录成功
2020-10-14 19:17:33,828 CsmarService.py INFO 用户登录成功
2020-10-14 19:17:33,828 CsmarService.py INFO 用户登录成功
2020-10-14 19:17:33,830 CsmarService.py INFO method:preview:body{"columns": ["Stkcd", "Trddt", "Opnprc", "Hiprc", "Loprc", "Clsprc", "Dnshrtrd"], "condition": "", "previewCount": 100, "table": "TRD_Dalyr"}
2020-10-14 19:17:33,830 CsmarService.py INFO method:preview:body{"columns": ["Stkcd", "Trddt", "Opnprc", "Hiprc", "Loprc", "Clsprc", "Dnshrtrd"], "condition": "", "previewCount": 100, "table": "TRD_Dalyr"}
2020-10-14 19:17:33,830 CsmarService.py INFO method:preview:body{"columns": ["Stkcd", "Trddt", "Opnprc", "Hiprc", "Loprc", "Clsprc", "Dnshrtrd"], "condition": "", "previewCount": 100, "table": "TRD_Dalyr"}
2020-10-14 19:17:33,830 CsmarService.py INFO method:preview:body{"columns": ["Stkcd", "Trddt", "Opnprc", "Hiprc", "Loprc", "Clsprc", "Dnshrtrd"], "condition": "", "previewCount": 100, "table": "TRD_Dalyr"}
2020-10-14 19:53:05,030 CsmarService.py ERROR Validation failed for argument at index 0 in method: public com.gta.csmar.dto.Result<com.gta.csmar.vo.UpmsUserVo> com.gta.csmar.controller.LoginController.login(com.gta.csmar.dto.UserLoginDto), with 1 error(s): [Field error in object 'userLoginDto' on field 'pwd': rejected value []; codes [NotBlank.userLoginDto.pwd,NotBlank.pwd,NotBlank.java.lang.String,NotBlank]; arguments [org.springframework.context.support.DefaultMessageSourceResolvable: codes [userLoginDto.pwd,pwd]; arguments []; default message [pwd]]; default message [密码不能为空]] 
2020-10-14 19:53:05,030 CsmarService.py ERROR Validation failed for argument at index 0 in method: public com.gta.csmar.dto.Result<com.gta.csmar.vo.UpmsUserVo> com.gta.csmar.controller.LoginController.login(com.gta.csmar.dto.UserLoginDto), with 1 error(s): [Field error in object 'userLoginDto' on field 'pwd': rejected value []; codes [NotBlank.userLoginDto.pwd,NotBlank.pwd,NotBlank.java.lang.String,NotBlank]; arguments [org.springframework.context.support.DefaultMessageSourceResolvable: codes [userLoginDto.pwd,pwd]; arguments []; default message [pwd]]; default message [密码不能为空]] 
2020-10-14 19:53:05,030 CsmarService.py ERROR Validation failed for argument at index 0 in method: public com.gta.csmar.dto.Result<com.gta.csmar.vo.UpmsUserVo> com.gta.csmar.controller.LoginController.login(com.gta.csmar.dto.UserLoginDto), with 1 error(s): [Field error in object 'userLoginDto' on field 'pwd': rejected value []; codes [NotBlank.userLoginDto.pwd,NotBlank.pwd,NotBlank.java.lang.String,NotBlank]; arguments [org.springframework.context.support.DefaultMessageSourceResolvable: codes [userLoginDto.pwd,pwd]; arguments []; default message [pwd]]; default message [密码不能为空]] 
2020-10-14 19:53:05,030 CsmarService.py ERROR Validation failed for argument at index 0 in method: public com.gta.csmar.dto.Result<com.gta.csmar.vo.UpmsUserVo> com.gta.csmar.controller.LoginController.login(com.gta.csmar.dto.UserLoginDto), with 1 error(s): [Field error in object 'userLoginDto' on field 'pwd': rejected value []; codes [NotBlank.userLoginDto.pwd,NotBlank.pwd,NotBlank.java.lang.String,NotBlank]; arguments [org.springframework.context.support.DefaultMessageSourceResolvable: codes [userLoginDto.pwd,pwd]; arguments []; default message [pwd]]; default message [密码不能为空]] 
2020-10-14 19:53:05,030 CsmarService.py ERROR Validation failed for argument at index 0 in method: public com.gta.csmar.dto.Result<com.gta.csmar.vo.UpmsUserVo> com.gta.csmar.controller.LoginController.login(com.gta.csmar.dto.UserLoginDto), with 1 error(s): [Field error in object 'userLoginDto' on field 'pwd': rejected value []; codes [NotBlank.userLoginDto.pwd,NotBlank.pwd,NotBlank.java.lang.String,NotBlank]; arguments [org.springframework.context.support.DefaultMessageSourceResolvable: codes [userLoginDto.pwd,pwd]; arguments []; default message [pwd]]; default message [密码不能为空]] 
2020-10-14 19:53:05,036 CsmarService.py INFO method:preview:body{"columns": ["Cuntrycd", "Stkcd", "Stknme", "Conme"], "condition": "", "previewCount": 100, "table": "TRD_Co"}
2020-10-14 19:53:05,036 CsmarService.py INFO method:preview:body{"columns": ["Cuntrycd", "Stkcd", "Stknme", "Conme"], "condition": "", "previewCount": 100, "table": "TRD_Co"}
2020-10-14 19:53:05,036 CsmarService.py INFO method:preview:body{"columns": ["Cuntrycd", "Stkcd", "Stknme", "Conme"], "condition": "", "previewCount": 100, "table": "TRD_Co"}
2020-10-14 19:53:05,036 CsmarService.py INFO method:preview:body{"columns": ["Cuntrycd", "Stkcd", "Stknme", "Conme"], "condition": "", "previewCount": 100, "table": "TRD_Co"}
2020-10-14 19:53:05,036 CsmarService.py INFO method:preview:body{"columns": ["Cuntrycd", "Stkcd", "Stknme", "Conme"], "condition": "", "previewCount": 100, "table": "TRD_Co"}
2020-10-14 19:53:56,524 CsmarService.py INFO 用户登录成功
2020-10-14 19:53:56,524 CsmarService.py INFO 用户登录成功
2020-10-14 19:53:56,524 CsmarService.py INFO 用户登录成功
2020-10-14 19:53:56,524 CsmarService.py INFO 用户登录成功
2020-10-14 19:53:56,524 CsmarService.py INFO 用户登录成功
2020-10-14 19:53:56,524 CsmarService.py INFO 用户登录成功
2020-10-14 19:53:56,527 CsmarService.py INFO method:preview:body{"columns": ["Cuntrycd", "Stkcd", "Stknme", "Conme"], "condition": "", "previewCount": 100, "table": "TRD_Co"}
2020-10-14 19:53:56,527 CsmarService.py INFO method:preview:body{"columns": ["Cuntrycd", "Stkcd", "Stknme", "Conme"], "condition": "", "previewCount": 100, "table": "TRD_Co"}
2020-10-14 19:53:56,527 CsmarService.py INFO method:preview:body{"columns": ["Cuntrycd", "Stkcd", "Stknme", "Conme"], "condition": "", "previewCount": 100, "table": "TRD_Co"}
2020-10-14 19:53:56,527 CsmarService.py INFO method:preview:body{"columns": ["Cuntrycd", "Stkcd", "Stknme", "Conme"], "condition": "", "previewCount": 100, "table": "TRD_Co"}
2020-10-14 19:53:56,527 CsmarService.py INFO method:preview:body{"columns": ["Cuntrycd", "Stkcd", "Stknme", "Conme"], "condition": "", "previewCount": 100, "table": "TRD_Co"}
2020-10-14 19:53:56,527 CsmarService.py INFO method:preview:body{"columns": ["Cuntrycd", "Stkcd", "Stknme", "Conme"], "condition": "", "previewCount": 100, "table": "TRD_Co"}
